<?xml version="1.0" encoding="UTF-8"?>
<!-- Generated by org.testng.reporters.JUnitXMLReporter -->
<testsuite ignored="4" hostname="LAPTOP-MGF06TCK" failures="0" tests="1" name="Default test" time="4.115" errors="0" timestamp="2022-10-17T10:40:21 PDT">
  <testcase classname="com.test.test.TekArchApiTestScriptE2E" name="TC_001_ValidLogin" time="3.398"/>
  <testcase classname="com.test.test.TekArchApiTestScriptE2E" name="TC_004_updateUserdata" time="0.0">
    <ignored/>
  </testcase> <!-- TC_004_updateUserdata -->
  <testcase classname="com.test.test.TekArchApiTestScriptE2E" name="TC_005_deleteUserdata" time="0.0">
    <ignored/>
  </testcase> <!-- TC_005_deleteUserdata -->
  <testcase classname="com.test.test.TekArchApiTestScriptE2E" name="TC_003_AddUserdata" time="0.0">
    <ignored/>
  </testcase> <!-- TC_003_AddUserdata -->
  <testcase classname="com.test.test.TekArchApiTestScriptE2E" name="TC_002__getuserdata" time="0.0">
    <ignored/>
  </testcase> <!-- TC_002__getuserdata -->
</testsuite> <!-- Default test -->
