<?xml version="1.0" encoding="UTF-8"?>
<testng-results ignored="0" total="5" passed="5" failed="0" skipped="0">
  <reporter-output>
  </reporter-output>
  <suite started-at="2022-10-07T09:38:39 PDT" name="Surefire suite" finished-at="2022-10-07T09:39:35 PDT" duration-ms="55216">
    <groups>
      <group name="cucumber">
        <method signature="AbstractTestNGCucumberTests.runScenario(io.cucumber.testng.PickleWrapper,io.cucumber.testng.FeatureWrapper)[pri:0, instance:com.tests.Runner1@770c2e6b]" name="runScenario" class="io.cucumber.testng.AbstractTestNGCucumberTests"/>
      </group> <!-- cucumber -->
    </groups>
    <test started-at="2022-10-07T09:38:39 PDT" name="Surefire test" finished-at="2022-10-07T09:39:35 PDT" duration-ms="55216">
      <class name="com.tests.Runner1">
        <test-method is-config="true" signature="setUpClass()[pri:0, instance:com.tests.Runner1@770c2e6b]" started-at="2022-10-07T09:38:39 PDT" name="setUpClass" finished-at="2022-10-07T09:38:40 PDT" duration-ms="423" status="PASS">
          <reporter-output>
          </reporter-output>
        </test-method> <!-- setUpClass -->
        <test-method signature="runScenario(io.cucumber.testng.PickleWrapper,io.cucumber.testng.FeatureWrapper)[pri:0, instance:com.tests.Runner1@770c2e6b]" started-at="2022-10-07T09:38:40 PDT" name="runScenario" description="Runs Cucumber Scenarios" data-provider="scenarios" finished-at="2022-10-07T09:38:54 PDT" duration-ms="14217" status="PASS">
          <params>
            <param index="0">
              <value>
                <![CDATA["login with correct credentials"]]>
              </value>
            </param>
            <param index="1">
              <value>
                <![CDATA["Optional[login feature]"]]>
              </value>
            </param>
          </params>
          <reporter-output>
          </reporter-output>
        </test-method> <!-- runScenario -->
        <test-method signature="runScenario(io.cucumber.testng.PickleWrapper,io.cucumber.testng.FeatureWrapper)[pri:0, instance:com.tests.Runner1@770c2e6b]" started-at="2022-10-07T09:38:54 PDT" name="runScenario" description="Runs Cucumber Scenarios" data-provider="scenarios" finished-at="2022-10-07T09:39:03 PDT" duration-ms="8811" status="PASS">
          <params>
            <param index="0">
              <value>
                <![CDATA["login with blank password"]]>
              </value>
            </param>
            <param index="1">
              <value>
                <![CDATA["Optional[login feature]"]]>
              </value>
            </param>
          </params>
          <reporter-output>
          </reporter-output>
        </test-method> <!-- runScenario -->
        <test-method signature="runScenario(io.cucumber.testng.PickleWrapper,io.cucumber.testng.FeatureWrapper)[pri:0, instance:com.tests.Runner1@770c2e6b]" started-at="2022-10-07T09:39:03 PDT" name="runScenario" description="Runs Cucumber Scenarios" data-provider="scenarios" finished-at="2022-10-07T09:39:11 PDT" duration-ms="8160" status="PASS">
          <params>
            <param index="0">
              <value>
                <![CDATA["login with invalid username and  password"]]>
              </value>
            </param>
            <param index="1">
              <value>
                <![CDATA["Optional[login feature]"]]>
              </value>
            </param>
          </params>
          <reporter-output>
          </reporter-output>
        </test-method> <!-- runScenario -->
        <test-method signature="runScenario(io.cucumber.testng.PickleWrapper,io.cucumber.testng.FeatureWrapper)[pri:0, instance:com.tests.Runner1@770c2e6b]" started-at="2022-10-07T09:39:11 PDT" name="runScenario" description="Runs Cucumber Scenarios" data-provider="scenarios" finished-at="2022-10-07T09:39:25 PDT" duration-ms="14315" status="PASS">
          <params>
            <param index="0">
              <value>
                <![CDATA["login with correct credentials and remember selected"]]>
              </value>
            </param>
            <param index="1">
              <value>
                <![CDATA["Optional[login feature]"]]>
              </value>
            </param>
          </params>
          <reporter-output>
          </reporter-output>
        </test-method> <!-- runScenario -->
        <test-method signature="runScenario(io.cucumber.testng.PickleWrapper,io.cucumber.testng.FeatureWrapper)[pri:0, instance:com.tests.Runner1@770c2e6b]" started-at="2022-10-07T09:39:25 PDT" name="runScenario" description="Runs Cucumber Scenarios" data-provider="scenarios" finished-at="2022-10-07T09:39:35 PDT" duration-ms="9184" status="PASS">
          <params>
            <param index="0">
              <value>
                <![CDATA["forgot password"]]>
              </value>
            </param>
            <param index="1">
              <value>
                <![CDATA["Optional[login feature]"]]>
              </value>
            </param>
          </params>
          <reporter-output>
          </reporter-output>
        </test-method> <!-- runScenario -->
        <test-method is-config="true" signature="tearDownClass()[pri:0, instance:com.tests.Runner1@770c2e6b]" started-at="2022-10-07T09:39:35 PDT" name="tearDownClass" finished-at="2022-10-07T09:39:35 PDT" duration-ms="76" status="PASS">
          <reporter-output>
          </reporter-output>
        </test-method> <!-- tearDownClass -->
      </class> <!-- com.tests.Runner1 -->
    </test> <!-- Surefire test -->
  </suite> <!-- Surefire suite -->
</testng-results>
