<?xml version="1.0" encoding="UTF-8"?>
<!-- Generated by org.testng.reporters.JUnitXMLReporter -->
<testsuite ignored="0" hostname="LAPTOP-MGF06TCK" failures="0" tests="5" name="Regression" time="53.659" errors="0" timestamp="2022-10-04T22:33:13 PDT">
  <testcase classname="com.firebase.test.test.AutomationScript" name="errorMessage01" time="0.512"/>
  <testcase classname="com.firebase.test.test.AutomationScript" name="loginSalesForce2" time="4.761"/>
  <testcase classname="com.firebase.test.test.AutomationScript" name="loginSalesForce3" time="6.92"/>
  <testcase classname="com.firebase.test.test.AutomationScript" name="loginSalesForce4b" time="0.374"/>
  <testcase classname="com.firebase.test.test.AutomationScript" name="loginSalesForce4a" time="0.808"/>
</testsuite> <!-- Regression -->
