<?xml version="1.0" encoding="UTF-8"?>
<!-- Generated by org.testng.reporters.JUnitXMLReporter -->
<testsuite ignored="37" hostname="LAPTOP-MGF06TCK" failures="1" tests="1" name="Regression" time="10.072" errors="0" timestamp="2022-10-04T22:51:57 PDT">
  <testcase classname="com.firebase.test.test.AutomationScript" name="errorMessage01" time="0.736">
    <failure type="java.lang.AssertionError" message="expected [Please enter your password.] but found [Please enter your]">
      <![CDATA[java.lang.AssertionError: expected [Please enter your password.] but found [Please enter your]
at com.firebase.test.test.AutomationScript.errorMessage01(AutomationScript.java:44)
at java.base/java.util.ArrayList.forEach(ArrayList.java:1511)
... Removed 33 stack frames]]>
    </failure>
  </testcase> <!-- errorMessage01 -->
  <testcase classname="com.firebase.test.test.AutomationScript" name="RandomScenarios36" time="0.0">
    <ignored/>
  </testcase> <!-- RandomScenarios36 -->
  <testcase classname="com.firebase.test.test.AutomationScript" name="RandomScenarios35" time="0.0">
    <ignored/>
  </testcase> <!-- RandomScenarios35 -->
  <testcase classname="com.firebase.test.test.AutomationScript" name="userMenuTC07" time="0.0">
    <ignored/>
  </testcase> <!-- userMenuTC07 -->
  <testcase classname="com.firebase.test.test.AutomationScript" name="RandomScenarios34" time="0.0">
    <ignored/>
  </testcase> <!-- RandomScenarios34 -->
  <testcase classname="com.firebase.test.test.AutomationScript" name="RandomScenarios33" time="0.0">
    <ignored/>
  </testcase> <!-- RandomScenarios33 -->
  <testcase classname="com.firebase.test.test.AutomationScript" name="userMenuTC09" time="0.0">
    <ignored/>
  </testcase> <!-- userMenuTC09 -->
  <testcase classname="com.firebase.test.test.AutomationScript" name="userMenuTC08" time="0.0">
    <ignored/>
  </testcase> <!-- userMenuTC08 -->
  <testcase classname="com.firebase.test.test.AutomationScript" name="RandomScenarios37" time="0.0">
    <ignored/>
  </testcase> <!-- RandomScenarios37 -->
  <testcase classname="com.firebase.test.test.AutomationScript" name="loginSalesForce2" time="0.0">
    <ignored/>
  </testcase> <!-- loginSalesForce2 -->
  <testcase classname="com.firebase.test.test.AutomationScript" name="loginSalesForce3" time="0.0">
    <ignored/>
  </testcase> <!-- loginSalesForce3 -->
  <testcase classname="com.firebase.test.test.AutomationScript" name="contacts30" time="0.0">
    <ignored/>
  </testcase> <!-- contacts30 -->
  <testcase classname="com.firebase.test.test.AutomationScript" name="userMenuTC10" time="0.0">
    <ignored/>
  </testcase> <!-- userMenuTC10 -->
  <testcase classname="com.firebase.test.test.AutomationScript" name="userMenuTC12" time="0.0">
    <ignored/>
  </testcase> <!-- userMenuTC12 -->
  <testcase classname="com.firebase.test.test.AutomationScript" name="userMenuTC11" time="0.0">
    <ignored/>
  </testcase> <!-- userMenuTC11 -->
  <testcase classname="com.firebase.test.test.AutomationScript" name="contacts32" time="0.0">
    <ignored/>
  </testcase> <!-- contacts32 -->
  <testcase classname="com.firebase.test.test.AutomationScript" name="userMenuTC13" time="0.0">
    <ignored/>
  </testcase> <!-- userMenuTC13 -->
  <testcase classname="com.firebase.test.test.AutomationScript" name="contacts31" time="0.0">
    <ignored/>
  </testcase> <!-- contacts31 -->
  <testcase classname="com.firebase.test.test.AutomationScript" name="createOpty16" time="0.0">
    <ignored/>
  </testcase> <!-- createOpty16 -->
  <testcase classname="com.firebase.test.test.AutomationScript" name="leads24" time="0.0">
    <ignored/>
  </testcase> <!-- leads24 -->
  <testcase classname="com.firebase.test.test.AutomationScript" name="createOpty15" time="0.0">
    <ignored/>
  </testcase> <!-- createOpty15 -->
  <testcase classname="com.firebase.test.test.AutomationScript" name="leads23" time="0.0">
    <ignored/>
  </testcase> <!-- leads23 -->
  <testcase classname="com.firebase.test.test.AutomationScript" name="loginSalesForce4a" time="0.0">
    <ignored/>
  </testcase> <!-- loginSalesForce4a -->
  <testcase classname="com.firebase.test.test.AutomationScript" name="userMenuTC14" time="0.0">
    <ignored/>
  </testcase> <!-- userMenuTC14 -->
  <testcase classname="com.firebase.test.test.AutomationScript" name="loginSalesForce4b" time="0.0">
    <ignored/>
  </testcase> <!-- loginSalesForce4b -->
  <testcase classname="com.firebase.test.test.AutomationScript" name="createOpty17" time="0.0">
    <ignored/>
  </testcase> <!-- createOpty17 -->
  <testcase classname="com.firebase.test.test.AutomationScript" name="leads21" time="0.0">
    <ignored/>
  </testcase> <!-- leads21 -->
  <testcase classname="com.firebase.test.test.AutomationScript" name="leads20" time="0.0">
    <ignored/>
  </testcase> <!-- leads20 -->
  <testcase classname="com.firebase.test.test.AutomationScript" name="createOpty18" time="0.0">
    <ignored/>
  </testcase> <!-- createOpty18 -->
  <testcase classname="com.firebase.test.test.AutomationScript" name="createOpty19" time="0.0">
    <ignored/>
  </testcase> <!-- createOpty19 -->
  <testcase classname="com.firebase.test.test.AutomationScript" name="leads22" time="0.0">
    <ignored/>
  </testcase> <!-- leads22 -->
  <testcase classname="com.firebase.test.test.AutomationScript" name="contacts27" time="0.0">
    <ignored/>
  </testcase> <!-- contacts27 -->
  <testcase classname="com.firebase.test.test.AutomationScript" name="contacts29" time="0.0">
    <ignored/>
  </testcase> <!-- contacts29 -->
  <testcase classname="com.firebase.test.test.AutomationScript" name="contacts28" time="0.0">
    <ignored/>
  </testcase> <!-- contacts28 -->
  <testcase classname="com.firebase.test.test.AutomationScript" name="userMenuTC05" time="0.0">
    <ignored/>
  </testcase> <!-- userMenuTC05 -->
  <testcase classname="com.firebase.test.test.AutomationScript" name="contacts26" time="0.0">
    <ignored/>
  </testcase> <!-- contacts26 -->
  <testcase classname="com.firebase.test.test.AutomationScript" name="contacts25" time="0.0">
    <ignored/>
  </testcase> <!-- contacts25 -->
  <testcase classname="com.firebase.test.test.AutomationScript" name="userMenuTC06" time="0.0">
    <ignored/>
  </testcase> <!-- userMenuTC06 -->
</testsuite> <!-- Regression -->
