<?xml version="1.0" encoding="UTF-8"?>
<testng-results ignored="0" total="1" passed="1" failed="0" skipped="0">
  <reporter-output>
  </reporter-output>
  <suite started-at="2022-10-11T23:59:31 PDT" name="Default suite" finished-at="2022-10-11T23:59:34 PDT" duration-ms="2585">
    <groups>
    </groups>
    <test started-at="2022-10-11T23:59:31 PDT" name="Default test" finished-at="2022-10-11T23:59:34 PDT" duration-ms="2585">
      <class name="com.tests.CRUDPOJO">
        <test-method is-config="true" signature="setUp()[pri:0, instance:com.tests.CRUDPOJO@1622f1b]" started-at="2022-10-11T23:59:31 PDT" name="setUp" finished-at="2022-10-11T23:59:31 PDT" duration-ms="477" status="PASS">
          <reporter-output>
          </reporter-output>
        </test-method> <!-- setUp -->
        <test-method signature="loginToApi()[pri:0, instance:com.tests.CRUDPOJO@1622f1b]" started-at="2022-10-11T23:59:31 PDT" name="loginToApi" finished-at="2022-10-11T23:59:34 PDT" duration-ms="2076" status="PASS">
          <reporter-output>
          </reporter-output>
        </test-method> <!-- loginToApi -->
      </class> <!-- com.tests.CRUDPOJO -->
    </test> <!-- Default test -->
  </suite> <!-- Default suite -->
</testng-results>
