<?xml version="1.0" encoding="UTF-8"?>
<testng-results ignored="0" total="4" passed="4" failed="0" skipped="0">
  <reporter-output>
  </reporter-output>
  <suite started-at="2022-10-19T15:35:58 PDT" name="Suite" finished-at="2022-10-19T15:36:51 PDT" duration-ms="52969">
    <groups>
    </groups>
    <test started-at="2022-10-19T15:35:58 PDT" name="Test" finished-at="2022-10-19T15:36:51 PDT" duration-ms="52969">
      <class name="com.test.test.TekArchApiTestScriptE2E">
        <test-method is-config="true" signature="setupBeforeTest()[pri:0, instance:com.test.test.TekArchApiTestScriptE2E@294425a7]" started-at="2022-10-19T15:35:58 PDT" name="setupBeforeTest" finished-at="2022-10-19T15:35:58 PDT" duration-ms="105" status="PASS">
          <reporter-output>
          </reporter-output>
        </test-method> <!-- setupBeforeTest -->
        <test-method is-config="true" signature="setUp()[pri:0, instance:com.test.test.TekArchApiTestScriptE2E@294425a7]" started-at="2022-10-19T15:35:58 PDT" name="setUp" finished-at="2022-10-19T15:35:59 PDT" duration-ms="359" status="PASS">
          <reporter-output>
          </reporter-output>
        </test-method> <!-- setUp -->
        <test-method is-config="true" signature="setUp(java.lang.reflect.Method)[pri:0, instance:com.test.test.TekArchApiTestScriptE2E@294425a7]" started-at="2022-10-19T15:35:59 PDT" name="setUp" finished-at="2022-10-19T15:35:59 PDT" duration-ms="13" status="PASS">
          <params>
            <param index="0">
              <value>
                <![CDATA[public static void com.test.test.TekArchApiTestScriptE2E.TC_001_ValidLogin()]]>
              </value>
            </param>
          </params>
          <reporter-output>
          </reporter-output>
        </test-method> <!-- setUp -->
        <test-method signature="TC_001_ValidLogin()[pri:0, instance:com.test.test.TekArchApiTestScriptE2E@294425a7]" started-at="2022-10-19T15:35:59 PDT" name="TC_001_ValidLogin" finished-at="2022-10-19T15:36:00 PDT" duration-ms="1381" status="PASS">
          <reporter-output>
          </reporter-output>
        </test-method> <!-- TC_001_ValidLogin -->
        <test-method is-config="true" signature="TC_002__getuserdata()[pri:0, instance:com.test.test.TekArchApiTestScriptE2E@294425a7]" started-at="2022-10-19T15:36:00 PDT" name="TC_002__getuserdata" finished-at="2022-10-19T15:36:10 PDT" duration-ms="10008" status="PASS">
          <reporter-output>
          </reporter-output>
        </test-method> <!-- TC_002__getuserdata -->
        <test-method is-config="true" signature="setUp(java.lang.reflect.Method)[pri:0, instance:com.test.test.TekArchApiTestScriptE2E@294425a7]" started-at="2022-10-19T15:36:10 PDT" name="setUp" finished-at="2022-10-19T15:36:10 PDT" duration-ms="1" status="PASS">
          <params>
            <param index="0">
              <value>
                <![CDATA[public static void com.test.test.TekArchApiTestScriptE2E.TC_003_AddUserdata()]]>
              </value>
            </param>
          </params>
          <reporter-output>
          </reporter-output>
        </test-method> <!-- setUp -->
        <test-method signature="TC_003_AddUserdata()[pri:0, instance:com.test.test.TekArchApiTestScriptE2E@294425a7]" started-at="2022-10-19T15:36:10 PDT" name="TC_003_AddUserdata" finished-at="2022-10-19T15:36:20 PDT" duration-ms="10172" status="PASS">
          <reporter-output>
          </reporter-output>
        </test-method> <!-- TC_003_AddUserdata -->
        <test-method is-config="true" signature="TC_002__getuserdata()[pri:0, instance:com.test.test.TekArchApiTestScriptE2E@294425a7]" started-at="2022-10-19T15:36:20 PDT" name="TC_002__getuserdata" finished-at="2022-10-19T15:36:30 PDT" duration-ms="9490" status="PASS">
          <reporter-output>
          </reporter-output>
        </test-method> <!-- TC_002__getuserdata -->
        <test-method signature="TC_004_updateUserdata()[pri:0, instance:com.test.test.TekArchApiTestScriptE2E@294425a7]" started-at="2022-10-19T15:36:30 PDT" name="TC_004_updateUserdata" finished-at="2022-10-19T15:36:32 PDT" duration-ms="2632" status="PASS">
          <reporter-output>
          </reporter-output>
        </test-method> <!-- TC_004_updateUserdata -->
        <test-method is-config="true" signature="setUp(java.lang.reflect.Method)[pri:0, instance:com.test.test.TekArchApiTestScriptE2E@294425a7]" started-at="2022-10-19T15:36:30 PDT" name="setUp" finished-at="2022-10-19T15:36:30 PDT" duration-ms="0" status="PASS">
          <params>
            <param index="0">
              <value>
                <![CDATA[public static void com.test.test.TekArchApiTestScriptE2E.TC_004_updateUserdata()]]>
              </value>
            </param>
          </params>
          <reporter-output>
          </reporter-output>
        </test-method> <!-- setUp -->
        <test-method is-config="true" signature="TC_002__getuserdata()[pri:0, instance:com.test.test.TekArchApiTestScriptE2E@294425a7]" started-at="2022-10-19T15:36:32 PDT" name="TC_002__getuserdata" finished-at="2022-10-19T15:36:41 PDT" duration-ms="8685" status="PASS">
          <reporter-output>
          </reporter-output>
        </test-method> <!-- TC_002__getuserdata -->
        <test-method is-config="true" signature="setUp(java.lang.reflect.Method)[pri:0, instance:com.test.test.TekArchApiTestScriptE2E@294425a7]" started-at="2022-10-19T15:36:41 PDT" name="setUp" finished-at="2022-10-19T15:36:41 PDT" duration-ms="1" status="PASS">
          <params>
            <param index="0">
              <value>
                <![CDATA[public static void com.test.test.TekArchApiTestScriptE2E.TC_005_deleteUserdata()]]>
              </value>
            </param>
          </params>
          <reporter-output>
          </reporter-output>
        </test-method> <!-- setUp -->
        <test-method signature="TC_005_deleteUserdata()[pri:0, instance:com.test.test.TekArchApiTestScriptE2E@294425a7]" started-at="2022-10-19T15:36:41 PDT" name="TC_005_deleteUserdata" finished-at="2022-10-19T15:36:41 PDT" duration-ms="299" status="PASS">
          <reporter-output>
          </reporter-output>
        </test-method> <!-- TC_005_deleteUserdata -->
        <test-method is-config="true" signature="TC_002__getuserdata()[pri:0, instance:com.test.test.TekArchApiTestScriptE2E@294425a7]" started-at="2022-10-19T15:36:41 PDT" name="TC_002__getuserdata" finished-at="2022-10-19T15:36:51 PDT" duration-ms="9637" status="PASS">
          <reporter-output>
          </reporter-output>
        </test-method> <!-- TC_002__getuserdata -->
        <test-method is-config="true" signature="teardownAfterTest()[pri:0, instance:com.test.test.TekArchApiTestScriptE2E@294425a7]" started-at="2022-10-19T15:36:51 PDT" name="teardownAfterTest" finished-at="2022-10-19T15:36:51 PDT" duration-ms="145" status="PASS">
          <reporter-output>
          </reporter-output>
        </test-method> <!-- teardownAfterTest -->
      </class> <!-- com.test.test.TekArchApiTestScriptE2E -->
    </test> <!-- Test -->
  </suite> <!-- Suite -->
</testng-results>
