<?xml version="1.0" encoding="UTF-8"?>
<!-- Generated by org.testng.reporters.JUnitXMLReporter -->
<testsuite ignored="0" hostname="LAPTOP-MGF06TCK" failures="0" tests="38" name="Default test" time="0.203" errors="0" timestamp="2022-10-01T13:15:21 PDT">
  <testcase classname="com.firebase.test.base.BaseTest" name="@BeforeMethod setUp" time="-1.664655321537E9">
    <failure type="org.testng.TestNGException" message="
Parameter &amp;apos;browserName&amp;apos; is required by BeforeMethod on method setUp but has not been marked @Optional or defined
in C:\Users\likit\AppData\Local\Temp\testng-eclipse-172126580\testng-customsuite.xml">
      <![CDATA[org.testng.TestNGException: 
Parameter 'browserName' is required by BeforeMethod on method setUp but has not been marked @Optional or defined
in C:\Users\likit\AppData\Local\Temp\testng-eclipse-172126580\testng-customsuite.xml
at org.testng.internal.Parameters.createParams(Parameters.java:270)
at org.testng.internal.Parameters.createParametersForMethod(Parameters.java:358)
at org.testng.internal.Parameters.createParameters(Parameters.java:700)
at org.testng.internal.Parameters.createConfigurationParameters(Parameters.java:168)
at org.testng.internal.ConfigInvoker.invokeConfigurations(ConfigInvoker.java:302)
at org.testng.internal.TestInvoker.runConfigMethods(TestInvoker.java:700)
at org.testng.internal.TestInvoker.invokeMethod(TestInvoker.java:527)
at org.testng.internal.TestInvoker.invokeTestMethod(TestInvoker.java:173)
at org.testng.internal.MethodRunner.runInSequence(MethodRunner.java:46)
at org.testng.internal.TestInvoker$MethodInvocationAgent.invoke(TestInvoker.java:824)
at org.testng.internal.TestInvoker.invokeTestMethods(TestInvoker.java:146)
at org.testng.internal.TestMethodWorker.invokeTestMethods(TestMethodWorker.java:146)
at org.testng.internal.TestMethodWorker.run(TestMethodWorker.java:128)
at java.base/java.util.ArrayList.forEach(ArrayList.java:1511)
at org.testng.TestRunner.privateRun(TestRunner.java:794)
at org.testng.TestRunner.run(TestRunner.java:596)
at org.testng.SuiteRunner.runTest(SuiteRunner.java:377)
at org.testng.SuiteRunner.runSequentially(SuiteRunner.java:371)
at org.testng.SuiteRunner.privateRun(SuiteRunner.java:332)
at org.testng.SuiteRunner.run(SuiteRunner.java:276)
at org.testng.SuiteRunnerWorker.runSuite(SuiteRunnerWorker.java:53)
at org.testng.SuiteRunnerWorker.run(SuiteRunnerWorker.java:96)
at org.testng.TestNG.runSuitesSequentially(TestNG.java:1212)
at org.testng.TestNG.runSuitesLocally(TestNG.java:1134)
at org.testng.TestNG.runSuites(TestNG.java:1063)
at org.testng.TestNG.run(TestNG.java:1031)
at org.testng.remote.AbstractRemoteTestNG.run(AbstractRemoteTestNG.java:115)
at org.testng.remote.RemoteTestNG.initAndRun(RemoteTestNG.java:251)
at org.testng.remote.RemoteTestNG.main(RemoteTestNG.java:77)
]]>
    </failure>
  </testcase> <!-- @BeforeMethod setUp -->
  <testcase classname="com.firebase.test.base.BaseTest" name="@AfterMethod tearDown" time="-1.664655321546E9">
    <skipped/>
  </testcase> <!-- @AfterMethod tearDown -->
  <testcase classname="com.firebase.test.base.BaseTest" name="@BeforeMethod setUp" time="-1.664655321547E9">
    <skipped/>
  </testcase> <!-- @BeforeMethod setUp -->
  <testcase classname="com.firebase.test.base.BaseTest" name="@AfterMethod tearDown" time="-1.664655321551E9">
    <skipped/>
  </testcase> <!-- @AfterMethod tearDown -->
  <testcase classname="com.firebase.test.base.BaseTest" name="@BeforeMethod setUp" time="-1.664655321552E9">
    <skipped/>
  </testcase> <!-- @BeforeMethod setUp -->
  <testcase classname="com.firebase.test.base.BaseTest" name="@AfterMethod tearDown" time="-1.664655321555E9">
    <skipped/>
  </testcase> <!-- @AfterMethod tearDown -->
  <testcase classname="com.firebase.test.base.BaseTest" name="@BeforeMethod setUp" time="-1.664655321557E9">
    <skipped/>
  </testcase> <!-- @BeforeMethod setUp -->
  <testcase classname="com.firebase.test.base.BaseTest" name="@AfterMethod tearDown" time="-1.664655321559E9">
    <skipped/>
  </testcase> <!-- @AfterMethod tearDown -->
  <testcase classname="com.firebase.test.base.BaseTest" name="@BeforeMethod setUp" time="-1.66465532156E9">
    <skipped/>
  </testcase> <!-- @BeforeMethod setUp -->
  <testcase classname="com.firebase.test.base.BaseTest" name="@AfterMethod tearDown" time="-1.664655321562E9">
    <skipped/>
  </testcase> <!-- @AfterMethod tearDown -->
  <testcase classname="com.firebase.test.base.BaseTest" name="@BeforeMethod setUp" time="-1.664655321563E9">
    <skipped/>
  </testcase> <!-- @BeforeMethod setUp -->
  <testcase classname="com.firebase.test.base.BaseTest" name="@AfterMethod tearDown" time="-1.664655321565E9">
    <skipped/>
  </testcase> <!-- @AfterMethod tearDown -->
  <testcase classname="com.firebase.test.base.BaseTest" name="@BeforeMethod setUp" time="-1.664655321565E9">
    <skipped/>
  </testcase> <!-- @BeforeMethod setUp -->
  <testcase classname="com.firebase.test.base.BaseTest" name="@AfterMethod tearDown" time="-1.664655321567E9">
    <skipped/>
  </testcase> <!-- @AfterMethod tearDown -->
  <testcase classname="com.firebase.test.base.BaseTest" name="@BeforeMethod setUp" time="-1.664655321568E9">
    <skipped/>
  </testcase> <!-- @BeforeMethod setUp -->
  <testcase classname="com.firebase.test.base.BaseTest" name="@AfterMethod tearDown" time="-1.664655321569E9">
    <skipped/>
  </testcase> <!-- @AfterMethod tearDown -->
  <testcase classname="com.firebase.test.base.BaseTest" name="@BeforeMethod setUp" time="-1.66465532157E9">
    <skipped/>
  </testcase> <!-- @BeforeMethod setUp -->
  <testcase classname="com.firebase.test.base.BaseTest" name="@AfterMethod tearDown" time="-1.664655321572E9">
    <skipped/>
  </testcase> <!-- @AfterMethod tearDown -->
  <testcase classname="com.firebase.test.base.BaseTest" name="@BeforeMethod setUp" time="-1.664655321573E9">
    <skipped/>
  </testcase> <!-- @BeforeMethod setUp -->
  <testcase classname="com.firebase.test.base.BaseTest" name="@AfterMethod tearDown" time="-1.664655321575E9">
    <skipped/>
  </testcase> <!-- @AfterMethod tearDown -->
  <testcase classname="com.firebase.test.base.BaseTest" name="@BeforeMethod setUp" time="-1.664655321575E9">
    <skipped/>
  </testcase> <!-- @BeforeMethod setUp -->
  <testcase classname="com.firebase.test.base.BaseTest" name="@AfterMethod tearDown" time="-1.664655321577E9">
    <skipped/>
  </testcase> <!-- @AfterMethod tearDown -->
  <testcase classname="com.firebase.test.base.BaseTest" name="@BeforeMethod setUp" time="-1.664655321577E9">
    <skipped/>
  </testcase> <!-- @BeforeMethod setUp -->
  <testcase classname="com.firebase.test.base.BaseTest" name="@AfterMethod tearDown" time="-1.664655321579E9">
    <skipped/>
  </testcase> <!-- @AfterMethod tearDown -->
  <testcase classname="com.firebase.test.base.BaseTest" name="@BeforeMethod setUp" time="-1.664655321581E9">
    <skipped/>
  </testcase> <!-- @BeforeMethod setUp -->
  <testcase classname="com.firebase.test.base.BaseTest" name="@AfterMethod tearDown" time="-1.664655321582E9">
    <skipped/>
  </testcase> <!-- @AfterMethod tearDown -->
  <testcase classname="com.firebase.test.base.BaseTest" name="@BeforeMethod setUp" time="-1.664655321582E9">
    <skipped/>
  </testcase> <!-- @BeforeMethod setUp -->
  <testcase classname="com.firebase.test.base.BaseTest" name="@AfterMethod tearDown" time="-1.664655321583E9">
    <skipped/>
  </testcase> <!-- @AfterMethod tearDown -->
  <testcase classname="com.firebase.test.base.BaseTest" name="@BeforeMethod setUp" time="-1.664655321584E9">
    <skipped/>
  </testcase> <!-- @BeforeMethod setUp -->
  <testcase classname="com.firebase.test.base.BaseTest" name="@AfterMethod tearDown" time="-1.664655321586E9">
    <skipped/>
  </testcase> <!-- @AfterMethod tearDown -->
  <testcase classname="com.firebase.test.base.BaseTest" name="@BeforeMethod setUp" time="-1.664655321586E9">
    <skipped/>
  </testcase> <!-- @BeforeMethod setUp -->
  <testcase classname="com.firebase.test.base.BaseTest" name="@AfterMethod tearDown" time="-1.664655321587E9">
    <skipped/>
  </testcase> <!-- @AfterMethod tearDown -->
  <testcase classname="com.firebase.test.base.BaseTest" name="@BeforeMethod setUp" time="-1.664655321588E9">
    <skipped/>
  </testcase> <!-- @BeforeMethod setUp -->
  <testcase classname="com.firebase.test.base.BaseTest" name="@AfterMethod tearDown" time="-1.66465532159E9">
    <skipped/>
  </testcase> <!-- @AfterMethod tearDown -->
  <testcase classname="com.firebase.test.base.BaseTest" name="@BeforeMethod setUp" time="-1.66465532159E9">
    <skipped/>
  </testcase> <!-- @BeforeMethod setUp -->
  <testcase classname="com.firebase.test.base.BaseTest" name="@AfterMethod tearDown" time="-1.664655321592E9">
    <skipped/>
  </testcase> <!-- @AfterMethod tearDown -->
  <testcase classname="com.firebase.test.base.BaseTest" name="@BeforeMethod setUp" time="-1.664655321593E9">
    <skipped/>
  </testcase> <!-- @BeforeMethod setUp -->
  <testcase classname="com.firebase.test.base.BaseTest" name="@AfterMethod tearDown" time="-1.664655321596E9">
    <skipped/>
  </testcase> <!-- @AfterMethod tearDown -->
  <testcase classname="com.firebase.test.base.BaseTest" name="@BeforeMethod setUp" time="-1.664655321597E9">
    <skipped/>
  </testcase> <!-- @BeforeMethod setUp -->
  <testcase classname="com.firebase.test.base.BaseTest" name="@AfterMethod tearDown" time="-1.664655321599E9">
    <skipped/>
  </testcase> <!-- @AfterMethod tearDown -->
  <testcase classname="com.firebase.test.base.BaseTest" name="@BeforeMethod setUp" time="-1.6646553216E9">
    <skipped/>
  </testcase> <!-- @BeforeMethod setUp -->
  <testcase classname="com.firebase.test.base.BaseTest" name="@AfterMethod tearDown" time="-1.664655321602E9">
    <skipped/>
  </testcase> <!-- @AfterMethod tearDown -->
  <testcase classname="com.firebase.test.base.BaseTest" name="@BeforeMethod setUp" time="-1.664655321603E9">
    <skipped/>
  </testcase> <!-- @BeforeMethod setUp -->
  <testcase classname="com.firebase.test.base.BaseTest" name="@AfterMethod tearDown" time="-1.664655321605E9">
    <skipped/>
  </testcase> <!-- @AfterMethod tearDown -->
  <testcase classname="com.firebase.test.base.BaseTest" name="@BeforeMethod setUp" time="-1.664655321606E9">
    <skipped/>
  </testcase> <!-- @BeforeMethod setUp -->
  <testcase classname="com.firebase.test.base.BaseTest" name="@AfterMethod tearDown" time="-1.664655321607E9">
    <skipped/>
  </testcase> <!-- @AfterMethod tearDown -->
  <testcase classname="com.firebase.test.base.BaseTest" name="@BeforeMethod setUp" time="-1.664655321608E9">
    <skipped/>
  </testcase> <!-- @BeforeMethod setUp -->
  <testcase classname="com.firebase.test.base.BaseTest" name="@AfterMethod tearDown" time="-1.66465532161E9">
    <skipped/>
  </testcase> <!-- @AfterMethod tearDown -->
  <testcase classname="com.firebase.test.base.BaseTest" name="@BeforeMethod setUp" time="-1.664655321611E9">
    <skipped/>
  </testcase> <!-- @BeforeMethod setUp -->
  <testcase classname="com.firebase.test.base.BaseTest" name="@AfterMethod tearDown" time="-1.664655321613E9">
    <skipped/>
  </testcase> <!-- @AfterMethod tearDown -->
  <testcase classname="com.firebase.test.base.BaseTest" name="@BeforeMethod setUp" time="-1.664655321613E9">
    <skipped/>
  </testcase> <!-- @BeforeMethod setUp -->
  <testcase classname="com.firebase.test.base.BaseTest" name="@AfterMethod tearDown" time="-1.664655321615E9">
    <skipped/>
  </testcase> <!-- @AfterMethod tearDown -->
  <testcase classname="com.firebase.test.base.BaseTest" name="@BeforeMethod setUp" time="-1.664655321615E9">
    <skipped/>
  </testcase> <!-- @BeforeMethod setUp -->
  <testcase classname="com.firebase.test.base.BaseTest" name="@AfterMethod tearDown" time="-1.664655321617E9">
    <skipped/>
  </testcase> <!-- @AfterMethod tearDown -->
  <testcase classname="com.firebase.test.base.BaseTest" name="@BeforeMethod setUp" time="-1.664655321617E9">
    <skipped/>
  </testcase> <!-- @BeforeMethod setUp -->
  <testcase classname="com.firebase.test.base.BaseTest" name="@AfterMethod tearDown" time="-1.664655321619E9">
    <skipped/>
  </testcase> <!-- @AfterMethod tearDown -->
  <testcase classname="com.firebase.test.base.BaseTest" name="@BeforeMethod setUp" time="-1.664655321619E9">
    <skipped/>
  </testcase> <!-- @BeforeMethod setUp -->
  <testcase classname="com.firebase.test.base.BaseTest" name="@AfterMethod tearDown" time="-1.66465532162E9">
    <skipped/>
  </testcase> <!-- @AfterMethod tearDown -->
  <testcase classname="com.firebase.test.base.BaseTest" name="@BeforeMethod setUp" time="-1.664655321622E9">
    <skipped/>
  </testcase> <!-- @BeforeMethod setUp -->
  <testcase classname="com.firebase.test.base.BaseTest" name="@AfterMethod tearDown" time="-1.664655321623E9">
    <skipped/>
  </testcase> <!-- @AfterMethod tearDown -->
  <testcase classname="com.firebase.test.base.BaseTest" name="@BeforeMethod setUp" time="-1.664655321624E9">
    <skipped/>
  </testcase> <!-- @BeforeMethod setUp -->
  <testcase classname="com.firebase.test.base.BaseTest" name="@AfterMethod tearDown" time="-1.664655321625E9">
    <skipped/>
  </testcase> <!-- @AfterMethod tearDown -->
  <testcase classname="com.firebase.test.base.BaseTest" name="@BeforeMethod setUp" time="-1.664655321625E9">
    <skipped/>
  </testcase> <!-- @BeforeMethod setUp -->
  <testcase classname="com.firebase.test.base.BaseTest" name="@AfterMethod tearDown" time="-1.664655321627E9">
    <skipped/>
  </testcase> <!-- @AfterMethod tearDown -->
  <testcase classname="com.firebase.test.base.BaseTest" name="@BeforeMethod setUp" time="-1.664655321628E9">
    <skipped/>
  </testcase> <!-- @BeforeMethod setUp -->
  <testcase classname="com.firebase.test.base.BaseTest" name="@AfterMethod tearDown" time="-1.664655321629E9">
    <skipped/>
  </testcase> <!-- @AfterMethod tearDown -->
  <testcase classname="com.firebase.test.base.BaseTest" name="@BeforeMethod setUp" time="-1.664655321629E9">
    <skipped/>
  </testcase> <!-- @BeforeMethod setUp -->
  <testcase classname="com.firebase.test.base.BaseTest" name="@AfterMethod tearDown" time="-1.664655321631E9">
    <skipped/>
  </testcase> <!-- @AfterMethod tearDown -->
  <testcase classname="com.firebase.test.base.BaseTest" name="@BeforeMethod setUp" time="-1.664655321631E9">
    <skipped/>
  </testcase> <!-- @BeforeMethod setUp -->
  <testcase classname="com.firebase.test.base.BaseTest" name="@AfterMethod tearDown" time="-1.664655321632E9">
    <skipped/>
  </testcase> <!-- @AfterMethod tearDown -->
  <testcase classname="com.firebase.test.base.BaseTest" name="@BeforeMethod setUp" time="-1.664655321633E9">
    <skipped/>
  </testcase> <!-- @BeforeMethod setUp -->
  <testcase classname="com.firebase.test.base.BaseTest" name="@AfterMethod tearDown" time="-1.664655321634E9">
    <skipped/>
  </testcase> <!-- @AfterMethod tearDown -->
  <testcase classname="com.firebase.test.base.BaseTest" name="@BeforeMethod setUp" time="-1.664655321634E9">
    <skipped/>
  </testcase> <!-- @BeforeMethod setUp -->
  <testcase classname="com.firebase.test.base.BaseTest" name="@AfterMethod tearDown" time="-1.664655321635E9">
    <skipped/>
  </testcase> <!-- @AfterMethod tearDown -->
  <testcase classname="com.firebase.test.base.BaseTest" name="@BeforeMethod setUp" time="-1.664655321636E9">
    <skipped/>
  </testcase> <!-- @BeforeMethod setUp -->
  <testcase classname="com.firebase.test.base.BaseTest" name="@AfterMethod tearDown" time="-1.664655321637E9">
    <skipped/>
  </testcase> <!-- @AfterMethod tearDown -->
  <testcase classname="com.firebase.test.test.AutomationScript" name="RandomScenarios33" time="0.0">
    <skipped/>
  </testcase> <!-- RandomScenarios33 -->
  <testcase classname="com.firebase.test.test.AutomationScript" name="RandomScenarios34" time="0.0">
    <skipped/>
  </testcase> <!-- RandomScenarios34 -->
  <testcase classname="com.firebase.test.test.AutomationScript" name="RandomScenarios35" time="0.0">
    <skipped/>
  </testcase> <!-- RandomScenarios35 -->
  <testcase classname="com.firebase.test.test.AutomationScript" name="RandomScenarios36" time="0.0">
    <skipped/>
  </testcase> <!-- RandomScenarios36 -->
  <testcase classname="com.firebase.test.test.AutomationScript" name="RandomScenarios37" time="0.0">
    <skipped/>
  </testcase> <!-- RandomScenarios37 -->
  <testcase classname="com.firebase.test.test.AutomationScript" name="contacts25" time="0.0">
    <skipped/>
  </testcase> <!-- contacts25 -->
  <testcase classname="com.firebase.test.test.AutomationScript" name="contacts26" time="0.0">
    <skipped/>
  </testcase> <!-- contacts26 -->
  <testcase classname="com.firebase.test.test.AutomationScript" name="contacts27" time="0.0">
    <skipped/>
  </testcase> <!-- contacts27 -->
  <testcase classname="com.firebase.test.test.AutomationScript" name="contacts28" time="0.0">
    <skipped/>
  </testcase> <!-- contacts28 -->
  <testcase classname="com.firebase.test.test.AutomationScript" name="contacts29" time="0.0">
    <skipped/>
  </testcase> <!-- contacts29 -->
  <testcase classname="com.firebase.test.test.AutomationScript" name="contacts30" time="0.0">
    <skipped/>
  </testcase> <!-- contacts30 -->
  <testcase classname="com.firebase.test.test.AutomationScript" name="contacts31" time="0.0">
    <skipped/>
  </testcase> <!-- contacts31 -->
  <testcase classname="com.firebase.test.test.AutomationScript" name="contacts32" time="0.0">
    <skipped/>
  </testcase> <!-- contacts32 -->
  <testcase classname="com.firebase.test.test.AutomationScript" name="createOpty15" time="0.0">
    <skipped/>
  </testcase> <!-- createOpty15 -->
  <testcase classname="com.firebase.test.test.AutomationScript" name="createOpty16" time="0.0">
    <skipped/>
  </testcase> <!-- createOpty16 -->
  <testcase classname="com.firebase.test.test.AutomationScript" name="createOpty17" time="0.0">
    <skipped/>
  </testcase> <!-- createOpty17 -->
  <testcase classname="com.firebase.test.test.AutomationScript" name="createOpty18" time="0.0">
    <skipped/>
  </testcase> <!-- createOpty18 -->
  <testcase classname="com.firebase.test.test.AutomationScript" name="createOpty19" time="0.0">
    <skipped/>
  </testcase> <!-- createOpty19 -->
  <testcase classname="com.firebase.test.test.AutomationScript" name="errorMessage01" time="0.0">
    <skipped/>
  </testcase> <!-- errorMessage01 -->
  <testcase classname="com.firebase.test.test.AutomationScript" name="leads20" time="0.0">
    <skipped/>
  </testcase> <!-- leads20 -->
  <testcase classname="com.firebase.test.test.AutomationScript" name="leads21" time="0.0">
    <skipped/>
  </testcase> <!-- leads21 -->
  <testcase classname="com.firebase.test.test.AutomationScript" name="leads22" time="0.0">
    <skipped/>
  </testcase> <!-- leads22 -->
  <testcase classname="com.firebase.test.test.AutomationScript" name="leads23" time="0.0">
    <skipped/>
  </testcase> <!-- leads23 -->
  <testcase classname="com.firebase.test.test.AutomationScript" name="leads24" time="0.0">
    <skipped/>
  </testcase> <!-- leads24 -->
  <testcase classname="com.firebase.test.test.AutomationScript" name="loginSalesForce2" time="0.0">
    <skipped/>
  </testcase> <!-- loginSalesForce2 -->
  <testcase classname="com.firebase.test.test.AutomationScript" name="loginSalesForce3" time="0.0">
    <skipped/>
  </testcase> <!-- loginSalesForce3 -->
  <testcase classname="com.firebase.test.test.AutomationScript" name="loginSalesForce4a" time="0.0">
    <skipped/>
  </testcase> <!-- loginSalesForce4a -->
  <testcase classname="com.firebase.test.test.AutomationScript" name="loginSalesForce4b" time="0.0">
    <skipped/>
  </testcase> <!-- loginSalesForce4b -->
  <testcase classname="com.firebase.test.test.AutomationScript" name="userMenuTC05" time="0.0">
    <skipped/>
  </testcase> <!-- userMenuTC05 -->
  <testcase classname="com.firebase.test.test.AutomationScript" name="userMenuTC06" time="0.0">
    <skipped/>
  </testcase> <!-- userMenuTC06 -->
  <testcase classname="com.firebase.test.test.AutomationScript" name="userMenuTC07" time="0.0">
    <skipped/>
  </testcase> <!-- userMenuTC07 -->
  <testcase classname="com.firebase.test.test.AutomationScript" name="userMenuTC08" time="0.0">
    <skipped/>
  </testcase> <!-- userMenuTC08 -->
  <testcase classname="com.firebase.test.test.AutomationScript" name="userMenuTC09" time="0.0">
    <skipped/>
  </testcase> <!-- userMenuTC09 -->
  <testcase classname="com.firebase.test.test.AutomationScript" name="userMenuTC10" time="0.0">
    <skipped/>
  </testcase> <!-- userMenuTC10 -->
  <testcase classname="com.firebase.test.test.AutomationScript" name="userMenuTC11" time="0.0">
    <skipped/>
  </testcase> <!-- userMenuTC11 -->
  <testcase classname="com.firebase.test.test.AutomationScript" name="userMenuTC12" time="0.0">
    <skipped/>
  </testcase> <!-- userMenuTC12 -->
  <testcase classname="com.firebase.test.test.AutomationScript" name="userMenuTC13" time="0.0">
    <skipped/>
  </testcase> <!-- userMenuTC13 -->
  <testcase classname="com.firebase.test.test.AutomationScript" name="userMenuTC14" time="0.0">
    <skipped/>
  </testcase> <!-- userMenuTC14 -->
</testsuite> <!-- Default test -->
