<?xml version="1.0" encoding="UTF-8"?>
<testng-results ignored="0" total="5" passed="5" failed="0" skipped="0">
  <reporter-output>
  </reporter-output>
  <suite started-at="2022-10-20T23:47:24 PDT" name="Suite" finished-at="2022-10-20T23:47:29 PDT" duration-ms="4899">
    <groups>
    </groups>
    <test started-at="2022-10-20T23:47:24 PDT" name="Test" finished-at="2022-10-20T23:47:29 PDT" duration-ms="4899">
      <class name="com.test.test.TekArchApiTestScriptE2E">
        <test-method is-config="true" signature="setupBeforeTest()[pri:0, instance:com.test.test.TekArchApiTestScriptE2E@7b9a4292]" started-at="2022-10-20T23:47:24 PDT" name="setupBeforeTest" finished-at="2022-10-20T23:47:24 PDT" duration-ms="113" status="PASS">
          <reporter-output>
          </reporter-output>
        </test-method> <!-- setupBeforeTest -->
        <test-method is-config="true" signature="setUp()[pri:0, instance:com.test.test.TekArchApiTestScriptE2E@7b9a4292]" started-at="2022-10-20T23:47:24 PDT" name="setUp" finished-at="2022-10-20T23:47:25 PDT" duration-ms="377" status="PASS">
          <reporter-output>
          </reporter-output>
        </test-method> <!-- setUp -->
        <test-method is-config="true" signature="setUp(java.lang.reflect.Method)[pri:0, instance:com.test.test.TekArchApiTestScriptE2E@7b9a4292]" started-at="2022-10-20T23:47:25 PDT" name="setUp" finished-at="2022-10-20T23:47:25 PDT" duration-ms="9" status="PASS">
          <params>
            <param index="0">
              <value>
                <![CDATA[public static void com.test.test.TekArchApiTestScriptE2E.TC_001__getuserdata()]]>
              </value>
            </param>
          </params>
          <reporter-output>
          </reporter-output>
        </test-method> <!-- setUp -->
        <test-method signature="TC_001__getuserdata()[pri:0, instance:com.test.test.TekArchApiTestScriptE2E@7b9a4292]" started-at="2022-10-20T23:47:25 PDT" name="TC_001__getuserdata" finished-at="2022-10-20T23:47:27 PDT" duration-ms="2125" status="PASS">
          <reporter-output>
          </reporter-output>
        </test-method> <!-- TC_001__getuserdata -->
        <test-method is-config="true" signature="setUp(java.lang.reflect.Method)[pri:0, instance:com.test.test.TekArchApiTestScriptE2E@7b9a4292]" started-at="2022-10-20T23:47:27 PDT" name="setUp" finished-at="2022-10-20T23:47:27 PDT" duration-ms="1" status="PASS">
          <params>
            <param index="0">
              <value>
                <![CDATA[public static void com.test.test.TekArchApiTestScriptE2E.TC_002_AddUserdata()]]>
              </value>
            </param>
          </params>
          <reporter-output>
          </reporter-output>
        </test-method> <!-- setUp -->
        <test-method signature="TC_002_AddUserdata()[pri:0, instance:com.test.test.TekArchApiTestScriptE2E@7b9a4292]" started-at="2022-10-20T23:47:27 PDT" name="TC_002_AddUserdata" finished-at="2022-10-20T23:47:27 PDT" duration-ms="548" status="PASS">
          <reporter-output>
          </reporter-output>
        </test-method> <!-- TC_002_AddUserdata -->
        <test-method is-config="true" signature="setUp(java.lang.reflect.Method)[pri:0, instance:com.test.test.TekArchApiTestScriptE2E@7b9a4292]" started-at="2022-10-20T23:47:27 PDT" name="setUp" finished-at="2022-10-20T23:47:27 PDT" duration-ms="1" status="PASS">
          <params>
            <param index="0">
              <value>
                <![CDATA[public static void com.test.test.TekArchApiTestScriptE2E.TC_003_deleteUserdataCreated()]]>
              </value>
            </param>
          </params>
          <reporter-output>
          </reporter-output>
        </test-method> <!-- setUp -->
        <test-method signature="TC_003_deleteUserdataCreated()[pri:0, instance:com.test.test.TekArchApiTestScriptE2E@7b9a4292]" started-at="2022-10-20T23:47:27 PDT" name="TC_003_deleteUserdataCreated" finished-at="2022-10-20T23:47:28 PDT" duration-ms="507" status="PASS">
          <reporter-output>
          </reporter-output>
        </test-method> <!-- TC_003_deleteUserdataCreated -->
        <test-method is-config="true" signature="setUp(java.lang.reflect.Method)[pri:0, instance:com.test.test.TekArchApiTestScriptE2E@7b9a4292]" started-at="2022-10-20T23:47:28 PDT" name="setUp" finished-at="2022-10-20T23:47:28 PDT" duration-ms="1" status="PASS">
          <params>
            <param index="0">
              <value>
                <![CDATA[public static void com.test.test.TekArchApiTestScriptE2E.TC_004_deleteUserdata()]]>
              </value>
            </param>
          </params>
          <reporter-output>
          </reporter-output>
        </test-method> <!-- setUp -->
        <test-method signature="TC_004_deleteUserdata()[pri:0, instance:com.test.test.TekArchApiTestScriptE2E@7b9a4292]" started-at="2022-10-20T23:47:28 PDT" name="TC_004_deleteUserdata" finished-at="2022-10-20T23:47:28 PDT" duration-ms="482" status="PASS">
          <reporter-output>
          </reporter-output>
        </test-method> <!-- TC_004_deleteUserdata -->
        <test-method is-config="true" signature="setUp(java.lang.reflect.Method)[pri:0, instance:com.test.test.TekArchApiTestScriptE2E@7b9a4292]" started-at="2022-10-20T23:47:28 PDT" name="setUp" finished-at="2022-10-20T23:47:28 PDT" duration-ms="1" status="PASS">
          <params>
            <param index="0">
              <value>
                <![CDATA[public static void com.test.test.TekArchApiTestScriptE2E.TC_005__getuserdatabyID()]]>
              </value>
            </param>
          </params>
          <reporter-output>
          </reporter-output>
        </test-method> <!-- setUp -->
        <test-method signature="TC_005__getuserdatabyID()[pri:0, instance:com.test.test.TekArchApiTestScriptE2E@7b9a4292]" started-at="2022-10-20T23:47:28 PDT" name="TC_005__getuserdatabyID" finished-at="2022-10-20T23:47:29 PDT" duration-ms="509" status="PASS">
          <reporter-output>
          </reporter-output>
        </test-method> <!-- TC_005__getuserdatabyID -->
        <test-method is-config="true" signature="teardownAfterTest()[pri:0, instance:com.test.test.TekArchApiTestScriptE2E@7b9a4292]" started-at="2022-10-20T23:47:29 PDT" name="teardownAfterTest" finished-at="2022-10-20T23:47:29 PDT" duration-ms="182" status="PASS">
          <reporter-output>
          </reporter-output>
        </test-method> <!-- teardownAfterTest -->
      </class> <!-- com.test.test.TekArchApiTestScriptE2E -->
    </test> <!-- Test -->
  </suite> <!-- Suite -->
</testng-results>
