<?xml version="1.0" encoding="UTF-8"?>
<!-- Generated by org.testng.reporters.JUnitXMLReporter -->
<testsuite ignored="0" hostname="LAPTOP-MGF06TCK" failures="0" tests="4" name="Test" time="52.969" errors="0" timestamp="2022-10-19T15:36:51 PDT">
  <testcase classname="com.test.test.TekArchApiTestScriptE2E" name="TC_001_ValidLogin" time="1.381"/>
  <testcase classname="com.test.test.TekArchApiTestScriptE2E" name="TC_003_AddUserdata" time="10.172"/>
  <testcase classname="com.test.test.TekArchApiTestScriptE2E" name="TC_004_updateUserdata" time="2.632"/>
  <testcase classname="com.test.test.TekArchApiTestScriptE2E" name="TC_005_deleteUserdata" time="0.299"/>
</testsuite> <!-- Test -->
