<?xml version="1.0" encoding="UTF-8"?>
<!-- Generated by org.testng.reporters.JUnitXMLReporter -->
<testsuite ignored="0" hostname="LAPTOP-MGF06TCK" failures="0" tests="5" name="Test" time="3.963" errors="0" timestamp="2022-10-20T20:42:51 PDT">
  <testcase classname="com.test.test.TekArchApiTestScriptE2E" name="TC_001__getuserdata" time="1.727"/>
  <testcase classname="com.test.test.TekArchApiTestScriptE2E" name="TC_002_AddUserdata" time="0.427"/>
  <testcase classname="com.test.test.TekArchApiTestScriptE2E" name="TC_003_deleteUserdataCreated" time="0.397"/>
  <testcase classname="com.test.test.TekArchApiTestScriptE2E" name="TC_004_deleteUserdata" time="0.345"/>
  <testcase classname="com.test.test.TekArchApiTestScriptE2E" name="TC_005__getuserdatabyID" time="0.421"/>
</testsuite> <!-- Test -->
