<?xml version="1.0" encoding="UTF-8"?>
<!-- Generated by org.testng.reporters.JUnitXMLReporter -->
<testsuite ignored="4" hostname="LAPTOP-MGF06TCK" failures="0" tests="1" name="Regression" time="10.853" errors="0" timestamp="2022-09-30T00:10:45 PDT">
  <testcase classname="com.firebase.test.test.AutomationScript" name="loginSalesForce4a" time="0.877"/>
  <testcase classname="com.firebase.test.test.AutomationScript" name="loginSalesForce4b" time="0.0">
    <ignored/>
  </testcase> <!-- loginSalesForce4b -->
  <testcase classname="com.firebase.test.test.AutomationScript" name="loginSalesForce2" time="0.0">
    <ignored/>
  </testcase> <!-- loginSalesForce2 -->
  <testcase classname="com.firebase.test.test.AutomationScript" name="errorMessage01" time="0.0">
    <ignored/>
  </testcase> <!-- errorMessage01 -->
  <testcase classname="com.firebase.test.test.AutomationScript" name="loginSalesForce3" time="0.0">
    <ignored/>
  </testcase> <!-- loginSalesForce3 -->
</testsuite> <!-- Regression -->
