<?xml version="1.0" encoding="UTF-8"?>
<testng-results ignored="0" total="5" passed="5" failed="0" skipped="0">
  <reporter-output>
  </reporter-output>
  <suite started-at="2022-10-10T23:35:41 PDT" name="Default suite" finished-at="2022-10-10T23:36:36 PDT" duration-ms="55477">
    <groups>
      <group name="cucumber">
        <method signature="AbstractTestNGCucumberTests.runScenario(io.cucumber.testng.PickleWrapper,io.cucumber.testng.FeatureWrapper)[pri:0, instance:com.tests.Runner1@7f0eb4b4]" name="runScenario" class="io.cucumber.testng.AbstractTestNGCucumberTests"/>
      </group> <!-- cucumber -->
    </groups>
    <test started-at="2022-10-10T23:35:41 PDT" name="Default test" finished-at="2022-10-10T23:36:36 PDT" duration-ms="55477">
      <class name="com.tests.Runner1">
        <test-method is-config="true" signature="setUpClass()[pri:0, instance:com.tests.Runner1@7f0eb4b4]" started-at="2022-10-10T23:35:41 PDT" name="setUpClass" finished-at="2022-10-10T23:35:41 PDT" duration-ms="430" status="PASS">
          <reporter-output>
          </reporter-output>
        </test-method> <!-- setUpClass -->
        <test-method signature="runScenario(io.cucumber.testng.PickleWrapper,io.cucumber.testng.FeatureWrapper)[pri:0, instance:com.tests.Runner1@7f0eb4b4]" started-at="2022-10-10T23:35:41 PDT" name="runScenario" description="Runs Cucumber Scenarios" data-provider="scenarios" finished-at="2022-10-10T23:35:56 PDT" duration-ms="14842" status="PASS">
          <params>
            <param index="0">
              <value>
                <![CDATA["login with correct credentials"]]>
              </value>
            </param>
            <param index="1">
              <value>
                <![CDATA["Optional[login feature]"]]>
              </value>
            </param>
          </params>
          <reporter-output>
          </reporter-output>
        </test-method> <!-- runScenario -->
        <test-method signature="runScenario(io.cucumber.testng.PickleWrapper,io.cucumber.testng.FeatureWrapper)[pri:0, instance:com.tests.Runner1@7f0eb4b4]" started-at="2022-10-10T23:35:56 PDT" name="runScenario" description="Runs Cucumber Scenarios" data-provider="scenarios" finished-at="2022-10-10T23:36:04 PDT" duration-ms="8374" status="PASS">
          <params>
            <param index="0">
              <value>
                <![CDATA["login with blank password"]]>
              </value>
            </param>
            <param index="1">
              <value>
                <![CDATA["Optional[login feature]"]]>
              </value>
            </param>
          </params>
          <reporter-output>
          </reporter-output>
        </test-method> <!-- runScenario -->
        <test-method signature="runScenario(io.cucumber.testng.PickleWrapper,io.cucumber.testng.FeatureWrapper)[pri:0, instance:com.tests.Runner1@7f0eb4b4]" started-at="2022-10-10T23:36:04 PDT" name="runScenario" description="Runs Cucumber Scenarios" data-provider="scenarios" finished-at="2022-10-10T23:36:12 PDT" duration-ms="7801" status="PASS">
          <params>
            <param index="0">
              <value>
                <![CDATA["login with invalid username and  password"]]>
              </value>
            </param>
            <param index="1">
              <value>
                <![CDATA["Optional[login feature]"]]>
              </value>
            </param>
          </params>
          <reporter-output>
          </reporter-output>
        </test-method> <!-- runScenario -->
        <test-method signature="runScenario(io.cucumber.testng.PickleWrapper,io.cucumber.testng.FeatureWrapper)[pri:0, instance:com.tests.Runner1@7f0eb4b4]" started-at="2022-10-10T23:36:12 PDT" name="runScenario" description="Runs Cucumber Scenarios" data-provider="scenarios" finished-at="2022-10-10T23:36:27 PDT" duration-ms="14709" status="PASS">
          <params>
            <param index="0">
              <value>
                <![CDATA["login with correct credentials and remember selected"]]>
              </value>
            </param>
            <param index="1">
              <value>
                <![CDATA["Optional[login feature]"]]>
              </value>
            </param>
          </params>
          <reporter-output>
          </reporter-output>
        </test-method> <!-- runScenario -->
        <test-method signature="runScenario(io.cucumber.testng.PickleWrapper,io.cucumber.testng.FeatureWrapper)[pri:0, instance:com.tests.Runner1@7f0eb4b4]" started-at="2022-10-10T23:36:27 PDT" name="runScenario" description="Runs Cucumber Scenarios" data-provider="scenarios" finished-at="2022-10-10T23:36:36 PDT" duration-ms="9202" status="PASS">
          <params>
            <param index="0">
              <value>
                <![CDATA["forgot password"]]>
              </value>
            </param>
            <param index="1">
              <value>
                <![CDATA["Optional[login feature]"]]>
              </value>
            </param>
          </params>
          <reporter-output>
          </reporter-output>
        </test-method> <!-- runScenario -->
        <test-method is-config="true" signature="tearDownClass()[pri:0, instance:com.tests.Runner1@7f0eb4b4]" started-at="2022-10-10T23:36:36 PDT" name="tearDownClass" finished-at="2022-10-10T23:36:36 PDT" duration-ms="70" status="PASS">
          <reporter-output>
          </reporter-output>
        </test-method> <!-- tearDownClass -->
      </class> <!-- com.tests.Runner1 -->
    </test> <!-- Default test -->
  </suite> <!-- Default suite -->
</testng-results>
