<?xml version="1.0" encoding="UTF-8"?>
<testng-results ignored="0" total="5" passed="5" failed="0" skipped="0">
  <reporter-output>
  </reporter-output>
  <suite started-at="2022-10-06T22:32:14 PDT" name="Default suite" finished-at="2022-10-06T22:33:19 PDT" duration-ms="65518">
    <groups>
      <group name="cucumber">
        <method signature="AbstractTestNGCucumberTests.runScenario(io.cucumber.testng.PickleWrapper,io.cucumber.testng.FeatureWrapper)[pri:0, instance:com.tests.RunnerCalculator@3c46e67a]" name="runScenario" class="io.cucumber.testng.AbstractTestNGCucumberTests"/>
      </group> <!-- cucumber -->
    </groups>
    <test started-at="2022-10-06T22:32:14 PDT" name="Default test" finished-at="2022-10-06T22:33:19 PDT" duration-ms="65518">
      <class name="com.tests.RunnerCalculator">
        <test-method is-config="true" signature="setUpClass()[pri:0, instance:com.tests.RunnerCalculator@3c46e67a]" started-at="2022-10-06T22:32:14 PDT" name="setUpClass" finished-at="2022-10-06T22:32:14 PDT" duration-ms="330" status="PASS">
          <reporter-output>
          </reporter-output>
        </test-method> <!-- setUpClass -->
        <test-method signature="runScenario(io.cucumber.testng.PickleWrapper,io.cucumber.testng.FeatureWrapper)[pri:0, instance:com.tests.RunnerCalculator@3c46e67a]" started-at="2022-10-06T22:32:14 PDT" name="runScenario" description="Runs Cucumber Scenarios" data-provider="scenarios" finished-at="2022-10-06T22:32:39 PDT" duration-ms="24596" status="PASS">
          <params>
            <param index="0">
              <value>
                <![CDATA["login with correct credentials"]]>
              </value>
            </param>
            <param index="1">
              <value>
                <![CDATA["Optional[login feature]"]]>
              </value>
            </param>
          </params>
          <reporter-output>
          </reporter-output>
        </test-method> <!-- runScenario -->
        <test-method signature="runScenario(io.cucumber.testng.PickleWrapper,io.cucumber.testng.FeatureWrapper)[pri:0, instance:com.tests.RunnerCalculator@3c46e67a]" started-at="2022-10-06T22:32:39 PDT" name="runScenario" description="Runs Cucumber Scenarios" data-provider="scenarios" finished-at="2022-10-06T22:32:47 PDT" duration-ms="8490" status="PASS">
          <params>
            <param index="0">
              <value>
                <![CDATA["login with blank password"]]>
              </value>
            </param>
            <param index="1">
              <value>
                <![CDATA["Optional[login feature]"]]>
              </value>
            </param>
          </params>
          <reporter-output>
          </reporter-output>
        </test-method> <!-- runScenario -->
        <test-method signature="runScenario(io.cucumber.testng.PickleWrapper,io.cucumber.testng.FeatureWrapper)[pri:0, instance:com.tests.RunnerCalculator@3c46e67a]" started-at="2022-10-06T22:32:47 PDT" name="runScenario" description="Runs Cucumber Scenarios" data-provider="scenarios" finished-at="2022-10-06T22:32:55 PDT" duration-ms="8228" status="PASS">
          <params>
            <param index="0">
              <value>
                <![CDATA["login with invalid username and  password"]]>
              </value>
            </param>
            <param index="1">
              <value>
                <![CDATA["Optional[login feature]"]]>
              </value>
            </param>
          </params>
          <reporter-output>
          </reporter-output>
        </test-method> <!-- runScenario -->
        <test-method signature="runScenario(io.cucumber.testng.PickleWrapper,io.cucumber.testng.FeatureWrapper)[pri:0, instance:com.tests.RunnerCalculator@3c46e67a]" started-at="2022-10-06T22:32:55 PDT" name="runScenario" description="Runs Cucumber Scenarios" data-provider="scenarios" finished-at="2022-10-06T22:33:10 PDT" duration-ms="15031" status="PASS">
          <params>
            <param index="0">
              <value>
                <![CDATA["login with correct credentials and remember selected"]]>
              </value>
            </param>
            <param index="1">
              <value>
                <![CDATA["Optional[login feature]"]]>
              </value>
            </param>
          </params>
          <reporter-output>
          </reporter-output>
        </test-method> <!-- runScenario -->
        <test-method signature="runScenario(io.cucumber.testng.PickleWrapper,io.cucumber.testng.FeatureWrapper)[pri:0, instance:com.tests.RunnerCalculator@3c46e67a]" started-at="2022-10-06T22:33:10 PDT" name="runScenario" description="Runs Cucumber Scenarios" data-provider="scenarios" finished-at="2022-10-06T22:33:19 PDT" duration-ms="8721" status="PASS">
          <params>
            <param index="0">
              <value>
                <![CDATA["forgot password"]]>
              </value>
            </param>
            <param index="1">
              <value>
                <![CDATA["Optional[login feature]"]]>
              </value>
            </param>
          </params>
          <reporter-output>
          </reporter-output>
        </test-method> <!-- runScenario -->
        <test-method is-config="true" signature="tearDownClass()[pri:0, instance:com.tests.RunnerCalculator@3c46e67a]" started-at="2022-10-06T22:33:19 PDT" name="tearDownClass" finished-at="2022-10-06T22:33:19 PDT" duration-ms="67" status="PASS">
          <reporter-output>
          </reporter-output>
        </test-method> <!-- tearDownClass -->
      </class> <!-- com.tests.RunnerCalculator -->
    </test> <!-- Default test -->
  </suite> <!-- Default suite -->
</testng-results>
