<?xml version="1.0" encoding="UTF-8"?>
<testng-results ignored="37" total="38" passed="1" failed="0" skipped="0">
  <reporter-output>
  </reporter-output>
  <suite started-at="2022-10-02T00:40:39 PDT" name="Suite" finished-at="2022-10-02T00:41:07 PDT" duration-ms="27987">
    <groups>
    </groups>
    <test started-at="2022-10-02T00:40:39 PDT" name="Regression" finished-at="2022-10-02T00:41:07 PDT" duration-ms="27987">
      <class name="com.firebase.test.test.AutomationScript">
        <test-method is-config="true" signature="setupBeforeTest()[pri:0, instance:com.firebase.test.test.AutomationScript@10a9d961]" started-at="2022-10-02T00:40:39 PDT" name="setupBeforeTest" finished-at="2022-10-02T00:40:39 PDT" duration-ms="112" status="PASS">
          <reporter-output>
          </reporter-output>
        </test-method> <!-- setupBeforeTest -->
        <test-method is-config="true" signature="setUp(java.lang.String,java.lang.reflect.Method)[pri:0, instance:com.firebase.test.test.AutomationScript@10a9d961]" started-at="2022-10-02T00:40:39 PDT" name="setUp" finished-at="2022-10-02T00:40:46 PDT" duration-ms="6324" status="PASS">
          <params>
            <param index="0">
              <value>
                <![CDATA[firefox]]>
              </value>
            </param>
            <param index="1">
              <value>
                <![CDATA[public static void com.firebase.test.test.AutomationScript.RandomScenarios37()]]>
              </value>
            </param>
          </params>
          <reporter-output>
          </reporter-output>
        </test-method> <!-- setUp -->
        <test-method signature="RandomScenarios37()[pri:0, instance:com.firebase.test.test.AutomationScript@10a9d961]" started-at="2022-10-02T00:40:46 PDT" name="RandomScenarios37" finished-at="2022-10-02T00:41:02 PDT" duration-ms="16331" status="PASS">
          <reporter-output>
          </reporter-output>
        </test-method> <!-- RandomScenarios37 -->
        <test-method is-config="true" signature="tearDown()[pri:0, instance:com.firebase.test.test.AutomationScript@10a9d961]" started-at="2022-10-02T00:41:02 PDT" name="tearDown" finished-at="2022-10-02T00:41:07 PDT" duration-ms="4492" status="PASS">
          <reporter-output>
          </reporter-output>
        </test-method> <!-- tearDown -->
        <test-method is-config="true" signature="teardownAfterTest()[pri:0, instance:com.firebase.test.test.AutomationScript@10a9d961]" started-at="2022-10-02T00:41:07 PDT" name="teardownAfterTest" finished-at="2022-10-02T00:41:07 PDT" duration-ms="685" status="PASS">
          <reporter-output>
          </reporter-output>
        </test-method> <!-- teardownAfterTest -->
      </class> <!-- com.firebase.test.test.AutomationScript -->
    </test> <!-- Regression -->
  </suite> <!-- Suite -->
</testng-results>
