<?xml version="1.0" encoding="UTF-8"?>
<testng-results ignored="0" total="1" passed="1" failed="0" skipped="0">
  <reporter-output>
  </reporter-output>
  <suite started-at="2022-10-18T00:26:17 PDT" name="Default suite" finished-at="2022-10-18T00:26:17 PDT" duration-ms="499">
    <groups>
      <group name="cucumber">
        <method signature="AbstractTestNGCucumberTests.runScenario(io.cucumber.testng.PickleWrapper,io.cucumber.testng.FeatureWrapper)[pri:0, instance:com.test.runner.Runner@6adbc9d]" name="runScenario" class="io.cucumber.testng.AbstractTestNGCucumberTests"/>
      </group> <!-- cucumber -->
    </groups>
    <test started-at="2022-10-18T00:26:17 PDT" name="Default test" finished-at="2022-10-18T00:26:17 PDT" duration-ms="499">
      <class name="com.test.runner.Runner">
        <test-method is-config="true" signature="setUpClass()[pri:0, instance:com.test.runner.Runner@6adbc9d]" started-at="2022-10-18T00:26:17 PDT" name="setUpClass" finished-at="2022-10-18T00:26:17 PDT" duration-ms="296" status="PASS">
          <reporter-output>
          </reporter-output>
        </test-method> <!-- setUpClass -->
        <test-method signature="runScenario(io.cucumber.testng.PickleWrapper,io.cucumber.testng.FeatureWrapper)[pri:0, instance:com.test.runner.Runner@6adbc9d]" started-at="2022-10-18T00:26:17 PDT" name="runScenario" description="Runs Cucumber Scenarios" data-provider="scenarios" finished-at="2022-10-18T00:26:17 PDT" duration-ms="94" status="PASS">
          <params>
            <param index="0">
              <value>
                <![CDATA["get List of User data"]]>
              </value>
            </param>
            <param index="1">
              <value>
                <![CDATA["Optional[CRUD APIREST testing]"]]>
              </value>
            </param>
          </params>
          <reporter-output>
          </reporter-output>
        </test-method> <!-- runScenario -->
        <test-method is-config="true" signature="tearDownClass()[pri:0, instance:com.test.runner.Runner@6adbc9d]" started-at="2022-10-18T00:26:17 PDT" name="tearDownClass" finished-at="2022-10-18T00:26:17 PDT" duration-ms="72" status="PASS">
          <reporter-output>
          </reporter-output>
        </test-method> <!-- tearDownClass -->
      </class> <!-- com.test.runner.Runner -->
    </test> <!-- Default test -->
  </suite> <!-- Default suite -->
</testng-results>
