<?xml version="1.0" encoding="UTF-8"?>
<testng-results ignored="4" total="5" passed="1" failed="0" skipped="0">
  <reporter-output>
  </reporter-output>
  <suite started-at="2022-09-30T00:10:34 PDT" name="Suite" finished-at="2022-09-30T00:10:45 PDT" duration-ms="10853">
    <groups>
    </groups>
    <test started-at="2022-09-30T00:10:34 PDT" name="Regression" finished-at="2022-09-30T00:10:45 PDT" duration-ms="10853">
      <class name="com.firebase.test.test.AutomationScript">
        <test-method is-config="true" signature="setupBeforeTest()[pri:0, instance:com.firebase.test.test.AutomationScript@6239aba6]" started-at="2022-09-30T00:10:34 PDT" name="setupBeforeTest" finished-at="2022-09-30T00:10:34 PDT" duration-ms="83" status="PASS">
          <reporter-output>
          </reporter-output>
        </test-method> <!-- setupBeforeTest -->
        <test-method is-config="true" signature="setUp(java.lang.String,java.lang.reflect.Method)[pri:0, instance:com.firebase.test.test.AutomationScript@6239aba6]" started-at="2022-09-30T00:10:34 PDT" name="setUp" finished-at="2022-09-30T00:10:39 PDT" duration-ms="5214" status="PASS">
          <params>
            <param index="0">
              <value>
                <![CDATA[firefox]]>
              </value>
            </param>
            <param index="1">
              <value>
                <![CDATA[public static void com.firebase.test.test.AutomationScript.loginSalesForce4a()]]>
              </value>
            </param>
          </params>
          <reporter-output>
          </reporter-output>
        </test-method> <!-- setUp -->
        <test-method signature="loginSalesForce4a()[pri:0, instance:com.firebase.test.test.AutomationScript@6239aba6]" started-at="2022-09-30T00:10:39 PDT" name="loginSalesForce4a" finished-at="2022-09-30T00:10:40 PDT" duration-ms="877" status="PASS">
          <reporter-output>
          </reporter-output>
        </test-method> <!-- loginSalesForce4a -->
        <test-method is-config="true" signature="tearDown()[pri:0, instance:com.firebase.test.test.AutomationScript@6239aba6]" started-at="2022-09-30T00:10:40 PDT" name="tearDown" finished-at="2022-09-30T00:10:44 PDT" duration-ms="4071" status="PASS">
          <reporter-output>
          </reporter-output>
        </test-method> <!-- tearDown -->
        <test-method is-config="true" signature="teardownAfterTest()[pri:0, instance:com.firebase.test.test.AutomationScript@6239aba6]" started-at="2022-09-30T00:10:44 PDT" name="teardownAfterTest" finished-at="2022-09-30T00:10:45 PDT" duration-ms="580" status="PASS">
          <reporter-output>
          </reporter-output>
        </test-method> <!-- teardownAfterTest -->
      </class> <!-- com.firebase.test.test.AutomationScript -->
    </test> <!-- Regression -->
  </suite> <!-- Suite -->
</testng-results>
